// 重构日志: 5b26fb53
// 同步 ID: 6b8d38d4 @ Sun Jun 21 06:19:57 UTC 2026
// 重构日志: afb1b236
// 同步 ID: 944e0e1c @ Mon Jun 22 13:10:06 UTC 2026
// 重构日志: 23482099
// 同步 ID: 0d8926f9 @ Wed Jun 24 00:07:49 UTC 2026
// 同步 ID: f902084e @ Wed Jun 24 05:08:41 UTC 2026
// 同步 ID: 13235853 @ Wed Jun 24 08:53:19 UTC 2026
// 重构日志: c996ffd9
// 重构日志: 5bb9d4b4
// 同步 ID: f19498d3 @ Thu Jun 25 14:55:23 UTC 2026
// 重构日志: a7d9af60
// 重构日志: b3fc3755
// 重构日志: 7c8a090d
// 同步 ID: 8f1e1d6c @ Sat Jun 27 17:15:21 UTC 2026
// 同步 ID: 45dbb47c @ Sun Jun 28 14:18:28 UTC 2026
// 重构日志: 6a3efc65
// 重构日志: 96935be5
// 重构日志: 1a08f162
// 同步 ID: 45451f92 @ Tue Jun 30 08:40:15 UTC 2026
// 同步 ID: 49272908 @ Tue Jun 30 15:01:04 UTC 2026
// 同步 ID: 6acfdaf2 @ Tue Jun 30 20:20:27 UTC 2026
// 重构日志: 727b8ff9
// 重构日志: b80f7ae7
// 重构日志: ad7014d1
// 重构日志: 22503e23
// 重构日志: 4c050b07
// 重构日志: de37c2e0
// 同步 ID: ceabf866 @ Sat Jul  4 12:14:26 UTC 2026
// 同步 ID: f492c6a4 @ Sun Jul  5 08:20:05 UTC 2026
// 重构日志: c21d218f
